Determining if the pthread_create exist failed with the following output:
Change Dir: /home/travis/build/antik9/OtusCpp/googletest-master/googletest/CMakeFiles/CMakeTmp

Run Build Command:/usr/bin/make "cmTryCompileExec3018906379/fast"
/usr/bin/make -f CMakeFiles/cmTryCompileExec3018906379.dir/build.make CMakeFiles/cmTryCompileExec3018906379.dir/build
make[1]: Entering directory `/home/travis/build/antik9/OtusCpp/googletest-master/googletest/CMakeFiles/CMakeTmp'
/usr/bin/cmake -E cmake_progress_report /home/travis/build/antik9/OtusCpp/googletest-master/googletest/CMakeFiles/CMakeTmp/CMakeFiles 1
Building C object CMakeFiles/cmTryCompileExec3018906379.dir/CheckSymbolExists.c.o
/usr/bin/gcc    -o CMakeFiles/cmTryCompileExec3018906379.dir/CheckSymbolExists.c.o   -c /home/travis/build/antik9/OtusCpp/googletest-master/googletest/CMakeFiles/CMakeTmp/CheckSymbolExists.c
Linking C executable cmTryCompileExec3018906379
/usr/bin/cmake -E cmake_link_script CMakeFiles/cmTryCompileExec3018906379.dir/link.txt --verbose=1
/usr/bin/gcc       CMakeFiles/cmTryCompileExec3018906379.dir/CheckSymbolExists.c.o  -o cmTryCompileExec3018906379 -rdynamic 
CMakeFiles/cmTryCompileExec3018906379.dir/CheckSymbolExists.c.o: In function `main':
CheckSymbolExists.c:(.text+0x16): undefined reference to `pthread_create'
collect2: error: ld returned 1 exit status
make[1]: *** [cmTryCompileExec3018906379] Error 1
make[1]: Leaving directory `/home/travis/build/antik9/OtusCpp/googletest-master/googletest/CMakeFiles/CMakeTmp'
make: *** [cmTryCompileExec3018906379/fast] Error 2

File /home/travis/build/antik9/OtusCpp/googletest-master/googletest/CMakeFiles/CMakeTmp/CheckSymbolExists.c:
/* */
#include <pthread.h>

int main(int argc, char** argv)
{
  (void)argv;
#ifndef pthread_create
  return ((int*)(&pthread_create))[argc];
#else
  (void)argc;
  return 0;
#endif
}

Determining if the function pthread_create exists in the pthreads failed with the following output:
Change Dir: /home/travis/build/antik9/OtusCpp/googletest-master/googletest/CMakeFiles/CMakeTmp

Run Build Command:/usr/bin/make "cmTryCompileExec279407458/fast"
/usr/bin/make -f CMakeFiles/cmTryCompileExec279407458.dir/build.make CMakeFiles/cmTryCompileExec279407458.dir/build
make[1]: Entering directory `/home/travis/build/antik9/OtusCpp/googletest-master/googletest/CMakeFiles/CMakeTmp'
/usr/bin/cmake -E cmake_progress_report /home/travis/build/antik9/OtusCpp/googletest-master/googletest/CMakeFiles/CMakeTmp/CMakeFiles 1
Building C object CMakeFiles/cmTryCompileExec279407458.dir/CheckFunctionExists.c.o
/usr/bin/gcc   -DCHECK_FUNCTION_EXISTS=pthread_create   -o CMakeFiles/cmTryCompileExec279407458.dir/CheckFunctionExists.c.o   -c /usr/share/cmake-2.8/Modules/CheckFunctionExists.c
Linking C executable cmTryCompileExec279407458
/usr/bin/cmake -E cmake_link_script CMakeFiles/cmTryCompileExec279407458.dir/link.txt --verbose=1
/usr/bin/gcc   -DCHECK_FUNCTION_EXISTS=pthread_create    CMakeFiles/cmTryCompileExec279407458.dir/CheckFunctionExists.c.o  -o cmTryCompileExec279407458 -rdynamic -lpthreads 
/usr/bin/ld: cannot find -lpthreads
collect2: error: ld returned 1 exit status
make[1]: *** [cmTryCompileExec279407458] Error 1
make[1]: Leaving directory `/home/travis/build/antik9/OtusCpp/googletest-master/googletest/CMakeFiles/CMakeTmp'
make: *** [cmTryCompileExec279407458/fast] Error 2


