Determining if the pthread_create exist failed with the following output:
Change Dir: /home/travis/build/antik9/OtusCpp/googletest-master/googlemock/CMakeFiles/CMakeTmp

Run Build Command:/usr/bin/make "cmTryCompileExec1122372029/fast"
/usr/bin/make -f CMakeFiles/cmTryCompileExec1122372029.dir/build.make CMakeFiles/cmTryCompileExec1122372029.dir/build
make[1]: Entering directory `/home/travis/build/antik9/OtusCpp/googletest-master/googlemock/CMakeFiles/CMakeTmp'
/usr/bin/cmake -E cmake_progress_report /home/travis/build/antik9/OtusCpp/googletest-master/googlemock/CMakeFiles/CMakeTmp/CMakeFiles 1
Building C object CMakeFiles/cmTryCompileExec1122372029.dir/CheckSymbolExists.c.o
/usr/bin/gcc    -o CMakeFiles/cmTryCompileExec1122372029.dir/CheckSymbolExists.c.o   -c /home/travis/build/antik9/OtusCpp/googletest-master/googlemock/CMakeFiles/CMakeTmp/CheckSymbolExists.c
Linking C executable cmTryCompileExec1122372029
/usr/bin/cmake -E cmake_link_script CMakeFiles/cmTryCompileExec1122372029.dir/link.txt --verbose=1
/usr/bin/gcc       CMakeFiles/cmTryCompileExec1122372029.dir/CheckSymbolExists.c.o  -o cmTryCompileExec1122372029 -rdynamic 
CMakeFiles/cmTryCompileExec1122372029.dir/CheckSymbolExists.c.o: In function `main':
CheckSymbolExists.c:(.text+0x16): undefined reference to `pthread_create'
collect2: error: ld returned 1 exit status
make[1]: *** [cmTryCompileExec1122372029] Error 1
make[1]: Leaving directory `/home/travis/build/antik9/OtusCpp/googletest-master/googlemock/CMakeFiles/CMakeTmp'
make: *** [cmTryCompileExec1122372029/fast] Error 2

File /home/travis/build/antik9/OtusCpp/googletest-master/googlemock/CMakeFiles/CMakeTmp/CheckSymbolExists.c:
/* */
#include <pthread.h>

int main(int argc, char** argv)
{
  (void)argv;
#ifndef pthread_create
  return ((int*)(&pthread_create))[argc];
#else
  (void)argc;
  return 0;
#endif
}

Determining if the function pthread_create exists in the pthreads failed with the following output:
Change Dir: /home/travis/build/antik9/OtusCpp/googletest-master/googlemock/CMakeFiles/CMakeTmp

Run Build Command:/usr/bin/make "cmTryCompileExec791718973/fast"
/usr/bin/make -f CMakeFiles/cmTryCompileExec791718973.dir/build.make CMakeFiles/cmTryCompileExec791718973.dir/build
make[1]: Entering directory `/home/travis/build/antik9/OtusCpp/googletest-master/googlemock/CMakeFiles/CMakeTmp'
/usr/bin/cmake -E cmake_progress_report /home/travis/build/antik9/OtusCpp/googletest-master/googlemock/CMakeFiles/CMakeTmp/CMakeFiles 1
Building C object CMakeFiles/cmTryCompileExec791718973.dir/CheckFunctionExists.c.o
/usr/bin/gcc   -DCHECK_FUNCTION_EXISTS=pthread_create   -o CMakeFiles/cmTryCompileExec791718973.dir/CheckFunctionExists.c.o   -c /usr/share/cmake-2.8/Modules/CheckFunctionExists.c
Linking C executable cmTryCompileExec791718973
/usr/bin/cmake -E cmake_link_script CMakeFiles/cmTryCompileExec791718973.dir/link.txt --verbose=1
/usr/bin/gcc   -DCHECK_FUNCTION_EXISTS=pthread_create    CMakeFiles/cmTryCompileExec791718973.dir/CheckFunctionExists.c.o  -o cmTryCompileExec791718973 -rdynamic -lpthreads 
/usr/bin/ld: cannot find -lpthreads
collect2: error: ld returned 1 exit status
make[1]: *** [cmTryCompileExec791718973] Error 1
make[1]: Leaving directory `/home/travis/build/antik9/OtusCpp/googletest-master/googlemock/CMakeFiles/CMakeTmp'
make: *** [cmTryCompileExec791718973/fast] Error 2


